Traceback (most recent call last):
  File "C:\Users\Cedric\anaconda3\envs\jupyter-math\Lib\site-packages\jupyter_cache\executors\utils.py", line 58, in single_nb_execution
    executenb(
  File "C:\Users\Cedric\anaconda3\envs\jupyter-math\Lib\site-packages\nbclient\client.py", line 1305, in execute
    return NotebookClient(nb=nb, resources=resources, km=km, **kwargs).execute()
           ^^^^^^^^^^^^^^^^^^^^^^^^^^^^^^^^^^^^^^^^^^^^^^^^^^^^^^^^^^^^^^^^^^^^^
  File "C:\Users\Cedric\anaconda3\envs\jupyter-math\Lib\site-packages\jupyter_core\utils\__init__.py", line 173, in wrapped
    return loop.run_until_complete(inner)
           ^^^^^^^^^^^^^^^^^^^^^^^^^^^^^^
  File "C:\Users\Cedric\anaconda3\envs\jupyter-math\Lib\asyncio\base_events.py", line 653, in run_until_complete
    return future.result()
           ^^^^^^^^^^^^^^^
  File "C:\Users\Cedric\anaconda3\envs\jupyter-math\Lib\site-packages\nbclient\client.py", line 705, in async_execute
    await self.async_execute_cell(
  File "C:\Users\Cedric\anaconda3\envs\jupyter-math\Lib\site-packages\nbclient\client.py", line 1058, in async_execute_cell
    await self._check_raise_for_error(cell, cell_index, exec_reply)
  File "C:\Users\Cedric\anaconda3\envs\jupyter-math\Lib\site-packages\nbclient\client.py", line 914, in _check_raise_for_error
    raise CellExecutionError.from_cell_and_msg(cell, exec_reply_content)
nbclient.exceptions.CellExecutionError: An error occurred while executing the following cell:
------------------
Can you solve me the following question in  the same style as  above? 
Light coming towards us from some lookback time t_1 may be scattered along the way by a free electron. The probability of this happening is
sigma_T * integral from  0  to t_1 of  n_e(r)*dt 


where n_e  is the number density of free electrons and  sigma_T is the Thomson cross-section (3.57). 

In an Einstein de Sitter universe with matter entirely in the form of ionized hydrogen, show that the probability is
\frac{2*alpha**2 }{3*m_e**2 *m_p}*H_0 * z**{3/2}

 sigma_t is  8*pi/3  *(alpha*hbar/m_e*c)**2

where z  (assumed >> 1) is the redshift corresponding to  t_1.
------------------


[1;36m  Cell [1;32mIn[1], line 1[1;36m[0m
[1;33m    Can you solve me the following question in  the same style as  above?[0m
[1;37m        ^[0m
[1;31mSyntaxError[0m[1;31m:[0m invalid syntax


